BUILD: Computing Include file dependencies:
BUILD: Examining j:\win_7_amd64_driver\v3 directory tree for files to compile.
oacr invalidate root:amd64fre /autocleanqueue
1>Compiling and Linking j:\win_7_amd64_driver\v3\app *************
1>'nmake.exe /nologo BUILDMSG=Stop. -i BUILD_PASS=PASS2 LINKONLY=1 NOPASS0=1 MAKEDIR_RELATIVE_TO_BASEDIR='
1>BUILDMSG: Processing j:\win_7_amd64_driver\v3\app
2>Compiling and Linking j:\win_7_amd64_driver\v3\sys *************
2>'nmake.exe /nologo BUILDMSG=Stop. -i BUILD_PASS=PASS2 LINKONLY=1 NOPASS0=1 MAKEDIR_RELATIVE_TO_BASEDIR='
2>BUILDMSG: Processing j:\win_7_amd64_driver\v3\sys
1>BUILDMSG: _NT_TARGET_VERSION SET TO WS03
1> C:\WinDDK\7600.16385.1\Bin\amd64\oacr\oacrcl @j:\win_7_amd64_driver\v3\app\objfre_win7_amd64\amd64\cl.rsp
2> C:\WinDDK\7600.16385.1\Bin\amd64\oacr\oacrcl @j:\win_7_amd64_driver\v3\sys\objfre_win7_amd64\amd64\cl.rsp
2>Microsoft (R) C/C++ Optimizing Compiler Version 15.00.30729.207 for x64
2>Copyright (C) Microsoft Corporation.  All rights reserved.
1>Microsoft (R) C/C++ Optimizing Compiler Version 15.00.30729.207 for x64
1>Copyright (C) Microsoft Corporation.  All rights reserved.
2>cl /Fo"j:\win_7_amd64_driver\v3\sys\objfre_win7_amd64\amd64/"
2> /FC
2> /Iamd64\
2> /I.
2> /I.
2> /Ij:\win_7_amd64_driver\v3\sys\objfre_win7_amd64\amd64
2> /IC:\WinDDK\7600.16385.1\inc\api
2> /IC:\WinDDK\7600.16385.1\inc\api
2> /IC:\WinDDK\7600.16385.1\inc\ddk
2> /IC:\WinDDK\7600.16385.1\inc\ddk
2> /IC:\WinDDK\7600.16385.1\inc\wdf\kmdf\1.9
2> /IC:\WinDDK\7600.16385.1\inc\crt
2> /D_WIN64
2> /D_AMD64_
2> /DAMD64
2> /DCONDITION_HANDLING=1
2> /DNT_UP=1
2> /DNT_INST=0
2> /DWIN32=100
2> /D_NT1X_=100
2> /DWINNT=1
2> /D_WIN32_WINNT=0x0601
2> /DWINVER=0x0601
2> /D_WIN32_IE=0x0800
2> /DWIN32_LEAN_AND_MEAN=1
2> /DDEVL=1
2> /D__BUILDMACHINE__=WinDDK
2> /DNDEBUG
2> /D_DLL=1
2> /DNDEBUG
2> /DNTDDI_VERSION=0x06010000
2> /c
2> /Zc:wchar_t-
2> /Zl
2> /Zp8
2> /Gy
2> -cbstring
2> /W4
2> /WX
2> /EHs-c-
2> /GR-
2> /GF
2> /GS
2> /Zi
2> /Oxs
2> /GL
2> /Zi
2> /Fdj:\win_7_amd64_driver\v3\sys\objfre_win7_amd64\amd64\
2> /DKMDF_MAJOR_VERSION=1
2> /DKMDF_MINOR_VERSION=9
2> /DKMDF_MAJOR_VERSION_STRING=01
2> /DKMDF_MINOR_VERSION_STRING=009
2> /typedil-
2> /wd4603
2> /wd4627
2> /FIC:\WinDDK\7600.16385.1\inc\api\warning.h
2> .\hpmndriver.c 
2>hpmndriver.c
1>cl /Fo"j:\win_7_amd64_driver\v3\app\objfre_win7_amd64\amd64/"
1> /FC
1> /Iamd64\
1> /I.
1> /IC:\WinDDK\7600.16385.1\inc\ddk
1> /I..\sys
1> /Ij:\win_7_amd64_driver\v3\app\objfre_win7_amd64\amd64
1> /IC:\WinDDK\7600.16385.1\inc\api
1> /IC:\WinDDK\7600.16385.1\inc\api
1> /IC:\WinDDK\7600.16385.1\inc\crt
1> /D_WIN64
1> /D_AMD64_
1> /DAMD64
1> /DCONDITION_HANDLING=1
1> /DNT_UP=1
1> /DNT_INST=0
1> /DWIN32=100
1> /D_NT1X_=100
1> /DWINNT=1
1> /D_WIN32_WINNT=0x0502
1> /DWINVER=0x0502
1> /D_WIN32_IE=0x0603
1> /DWIN32_LEAN_AND_MEAN=1
1> /DDEVL=1
1> /D__BUILDMACHINE__=WinDDK
1> /DNDEBUG
1> /D_DLL=1
1> /D_MT=1
1> /DNTDDI_VERSION=0x05020100
1> /DPSAPI_VERSION=1
1> /c
1> /Zc:wchar_t-
1> /Zl
1> /Zp8
1> /Gy
1> /W3
1> /WX
1> /EHs-c-
1> /GR-
1> /GF
1> /GS
1> /Zi
1> /Oxs
1> /GL
1> /Zi
1> /Fdj:\win_7_amd64_driver\v3\app\objfre_win7_amd64\amd64\
1> /DKMDF_MAJOR_VERSION_STRING=01
1> /DKMDF_MINOR_VERSION_STRING=009
1> /typedil-
1> /wd4603
1> /wd4627
1> /FIC:\WinDDK\7600.16385.1\inc\api\warning.h
1> .\application.c 
1>application.c
2> C:\WinDDK\7600.16385.1\Bin\amd64\oacr\oacrlink /out:j:\win_7_amd64_driver\v3\sys\objfre_win7_amd64\amd64\HPMN.sys /machine:amd64 @j:\win_7_amd64_driver\v3\sys\objfre_win7_amd64\amd64\lnk.rsp
1> C:\WinDDK\7600.16385.1\Bin\amd64\oacr\oacrlink /out:j:\win_7_amd64_driver\v3\app\objfre_win7_amd64\amd64\hpmn.exe /machine:amd64 @j:\win_7_amd64_driver\v3\app\objfre_win7_amd64\amd64\lnk.rsp
2>Microsoft (R) Incremental Linker Version 9.00.30729.207
2>Copyright (C) Microsoft Corporation.  All rights reserved.
2>/MERGE:_PAGE=PAGE 
2>/MERGE:_TEXT=.text 
2>/SECTION:INIT,d 
2>/OPT:REF 
2>/OPT:ICF 
2>/IGNORE:4198,4010,4037,4039,4065,4070,4078,4087,4089,4221,4108,4088,4218,4218,4235 
2>/INCREMENTAL:NO 
2>/release 
2>/NODEFAULTLIB 
2>/WX 
2>/debug 
2>/debugtype:cv,fixup,pdata 
2>/version:6.1 
2>/osversion:6.1 
2>C:\WinDDK\7600.16385.1\lib\win7\amd64\hotpatch.obj 
2>/functionpadmin:6 
2>/pdbcompress 
2>/STACK:0x40000,0x1000 
2>/driver 
2>/base:0x10000 
2>/subsystem:native,6.01 
2>/entry:FxDriverEntry 
2>/out:j:\win_7_amd64_driver\v3\sys\objfre_win7_amd64\amd64\HPMN.sys 
2>j:\win_7_amd64_driver\v3\sys\objfre_win7_amd64\amd64\hpmndriver.obj 
2>C:\WinDDK\7600.16385.1\lib\win7\amd64\BufferOverflowK.lib 
2>C:\WinDDK\7600.16385.1\lib\win7\amd64\ntoskrnl.lib 
2>C:\WinDDK\7600.16385.1\lib\win7\amd64\hal.lib 
2>C:\WinDDK\7600.16385.1\lib\win7\amd64\wmilib.lib 
2>C:\WinDDK\7600.16385.1\lib\wdf\kmdf\amd64\1.9\WdfLdr.lib 
2>C:\WinDDK\7600.16385.1\lib\wdf\kmdf\amd64\1.9\WdfDriverEntry.lib 
1>Microsoft (R) Incremental Linker Version 9.00.30729.207
1>Copyright (C) Microsoft Corporation.  All rights reserved.
1>/MERGE:_PAGE=PAGE 
1>/MERGE:_TEXT=.text 
1>/SECTION:INIT,d 
1>/OPT:REF 
1>/OPT:ICF 
1>/IGNORE:4198,4010,4037,4039,4065,4070,4078,4087,4089,4221,4108,4088,4218,4218,4235 
1>/INCREMENTAL:NO 
1>/release 
1>/NODEFAULTLIB 
1>/WX 
1>/debug 
1>/debugtype:cv,fixup,pdata 
1>/version:6.1 
1>/osversion:6.1 
1>c:\winddk\7600.16385.1\lib\wnet\amd64\hotpatch.obj 
1>/functionpadmin:6 
1>/merge:.rdata=.text 
1>/pdbcompress 
1>/STACK:0x80000,0x2000 
1>/tsaware 
1>/dynamicbase 
1>/subsystem:console,5.02 
1>/base:@C:\WinDDK\7600.16385.1\bin\coffbase.txt,usermode64 
1>/entry:mainCRTStartup 
1>j:\win_7_amd64_driver\v3\app\objfre_win7_amd64\amd64\application.obj 
1>c:\winddk\7600.16385.1\lib\wnet\amd64\advapi32.lib 
1>c:\winddk\7600.16385.1\lib\wnet\amd64\kernel32.lib 
1>c:\winddk\7600.16385.1\lib\wnet\amd64\msvcrt_win2003.obj 
1>C:\WinDDK\7600.16385.1\lib\crt\amd64\msvcrt.lib 
1>c:\winddk\7600.16385.1\lib\wnet\amd64\setupapi.lib 
1>c:\winddk\7600.16385.1\lib\wnet\amd64\user32.lib 
1>c:\winddk\7600.16385.1\lib\wnet\amd64\sehupd.lib 
1>application.obj : MSIL .netmodule or module compiled with /GL found; restarting link with /LTCG; add /LTCG to the link command line to improve linker performance
2>hpmndriver.obj : MSIL .netmodule or module compiled with /GL found; restarting link with /LTCG; add /LTCG to the link command line to improve linker performance
1>Microsoft (R) Incremental Linker Version 9.00.30729.207
1>Copyright (C) Microsoft Corporation.  All rights reserved.
1>/MERGE:_PAGE=PAGE 
1>/MERGE:_TEXT=.text 
1>/SECTION:INIT,d 
1>/OPT:REF 
1>/OPT:ICF 
1>/IGNORE:4198,4010,4037,4039,4065,4070,4078,4087,4089,4221,4108,4088,4218,4218,4235 
1>/INCREMENTAL:NO 
1>/release 
1>/NODEFAULTLIB 
1>/WX 
1>/debug 
1>/debugtype:cv,fixup,pdata 
1>/version:6.1 
1>/osversion:6.1 
1>c:\winddk\7600.16385.1\lib\wnet\amd64\hotpatch.obj 
1>/functionpadmin:6 
1>/merge:.rdata=.text 
1>/pdbcompress 
1>/STACK:0x80000,0x2000 
1>/tsaware 
1>/dynamicbase 
1>/subsystem:console,5.02 
1>/base:@C:\WinDDK\7600.16385.1\bin\coffbase.txt,usermode64 
1>/entry:mainCRTStartup 
1>j:\win_7_amd64_driver\v3\app\objfre_win7_amd64\amd64\application.obj 
1>c:\winddk\7600.16385.1\lib\wnet\amd64\advapi32.lib 
1>c:\winddk\7600.16385.1\lib\wnet\amd64\kernel32.lib 
1>c:\winddk\7600.16385.1\lib\wnet\amd64\msvcrt_win2003.obj 
1>C:\WinDDK\7600.16385.1\lib\crt\amd64\msvcrt.lib 
1>c:\winddk\7600.16385.1\lib\wnet\amd64\setupapi.lib 
1>c:\winddk\7600.16385.1\lib\wnet\amd64\user32.lib 
1>c:\winddk\7600.16385.1\lib\wnet\amd64\sehupd.lib 
2>Microsoft (R) Incremental Linker Version 9.00.30729.207
2>Copyright (C) Microsoft Corporation.  All rights reserved.
2>/MERGE:_PAGE=PAGE 
2>/MERGE:_TEXT=.text 
2>/SECTION:INIT,d 
2>/OPT:REF 
2>/OPT:ICF 
2>/IGNORE:4198,4010,4037,4039,4065,4070,4078,4087,4089,4221,4108,4088,4218,4218,4235 
2>/INCREMENTAL:NO 
2>/release 
2>/NODEFAULTLIB 
2>/WX 
2>/debug 
2>/debugtype:cv,fixup,pdata 
2>/version:6.1 
2>/osversion:6.1 
2>C:\WinDDK\7600.16385.1\lib\win7\amd64\hotpatch.obj 
2>/functionpadmin:6 
2>/pdbcompress 
2>/STACK:0x40000,0x1000 
2>/driver 
2>/base:0x10000 
2>/subsystem:native,6.01 
2>/entry:FxDriverEntry 
2>/out:j:\win_7_amd64_driver\v3\sys\objfre_win7_amd64\amd64\HPMN.sys 
2>j:\win_7_amd64_driver\v3\sys\objfre_win7_amd64\amd64\hpmndriver.obj 
2>C:\WinDDK\7600.16385.1\lib\win7\amd64\BufferOverflowK.lib 
2>C:\WinDDK\7600.16385.1\lib\win7\amd64\ntoskrnl.lib 
2>C:\WinDDK\7600.16385.1\lib\win7\amd64\hal.lib 
2>C:\WinDDK\7600.16385.1\lib\win7\amd64\wmilib.lib 
2>C:\WinDDK\7600.16385.1\lib\wdf\kmdf\amd64\1.9\WdfLdr.lib 
2>C:\WinDDK\7600.16385.1\lib\wdf\kmdf\amd64\1.9\WdfDriverEntry.lib 
2>Generating code
2>Finished generating code
1>Generating code
1>Finished generating code
